<?xml version="1.0" encoding="UTF-8"?>
<!-- Generated by org.testng.reporters.JUnitXMLReporter -->
<testsuite hostname="WINCTRL-ML1PKFF" ignored="0" name="Test" tests="4" failures="0" timestamp="2020-06-30T06:38:29 IST" time="0.199" errors="0">
  <testcase name="PostJira" time="0.025" classname="rahulshettyacademy.Mavenjava.RestApiTest"/>
  <testcase name="deletetwitter" time="0.0" classname="rahulshettyacademy.Mavenjava.RestApiTest"/>
  <testcase name="BrowserAutomation" time="0.001" classname="rahulshettyacademy.Mavenjava.SeleniumTest"/>
  <testcase name="elementUI" time="0.001" classname="rahulshettyacademy.Mavenjava.SeleniumTest"/>
</testsuite> <!-- Test -->
